<?xml version="1.0" encoding="UTF-8"?>
<!-- Generated by org.testng.reporters.JUnitReportReporter -->
<testsuite hostname="Lenovo" failures="0" tests="2" name="qaclickacademy.RestApiTest" time="0.002" errors="0" timestamp="2020-07-27T02:50:18 EDT" skipped="0">
  <testcase classname="qaclickacademy.RestApiTest" name="deleteTwitter" time="0.001"/>
  <system-out/>
  <testcase classname="qaclickacademy.RestApiTest" name="postJira" time="0.001"/>
  <system-out/>
</testsuite> <!-- qaclickacademy.RestApiTest -->
